<?xml version="1.0" encoding="utf-8"?><testsuites name="pytest tests"><testsuite name="pytest" errors="0" failures="0" skipped="0" tests="5" time="0.594" timestamp="2026-07-18T11:03:09.380397+00:00" hostname="agent-env-11ca9ada-ad40-4a09-bc05-0fefacd059b2"><testcase classname="backend.tests.test_social_grocery" name="test_projects_endpoint_returns_list" time="0.270" /><testcase classname="backend.tests.test_social_grocery" name="test_social_grocery_project_present" time="0.000" /><testcase classname="backend.tests.test_social_grocery" name="test_social_grocery_project_fields" time="0.000" /><testcase classname="backend.tests.test_social_grocery" name="test_learn_more_button_exists" time="0.153" /><testcase classname="backend.tests.test_social_grocery" name="test_content_migration_has_project" time="0.001" /></testsuite></testsuites>